Regex::search: error while processing " Mötley Crüe - Dr. Feelgood  .m4a Mötley Crüe - Dr. Feelgood  .m4a 4:45": Invalid UTF-8 sequence encountered while trying to encode UTF-32 character
Regex::search: error while processing " Mötley Crüe - Home Sweet Home  .m4a Mötley Crüe - Home Sweet Home  .m4a 4:29": Invalid UTF-8 sequence encountered while trying to encode UTF-32 character
Regex::search: error while processing " Mötley Crüe - Kickstart My Heart  .m4a Mötley Crüe - Kickstart My Heart  .m4a 5:10": Invalid UTF-8 sequence encountered while trying to encode UTF-32 character
Regex::search: error while processing " Mötley Crüe - Live Wire  .m4a Mötley Crüe - Live Wire  .m4a 3:18": Invalid UTF-8 sequence encountered while trying to encode UTF-32 character
Regex::search: error while processing " Mötley Crüe - Looks That Kill  .m4a Mötley Crüe - Looks That Kill  .m4a 3:51": Invalid UTF-8 sequence encountered while trying to encode UTF-32 character
Regex::search: error while processing " Mötley Crüe - On With The Show  .m4a Mötley Crüe - On With The Show  .m4a 4:03": Invalid UTF-8 sequence encountered while trying to encode UTF-32 character
Regex::search: error while processing " Mötley Crüe - Take Me To The Top  .m4a Mötley Crüe - Take Me To The Top  .m4a 3:44": Invalid UTF-8 sequence encountered while trying to encode UTF-32 character
Regex::search: error while processing " Mötley Crüe - Ten Seconds To Love .m4a Mötley Crüe - Ten Seconds To Love .m4a 4:18": Invalid UTF-8 sequence encountered while trying to encode UTF-32 character
Regex::search: error while processing " Mötley Crüe - The Dirt (Est. 1981) (feat. Machine Gun Kelly) .m4a Mötley Crüe - The Dirt (Est. 1981) (feat. Machine Gun Kelly) .m4a 3:52": Invalid UTF-8 sequence encountered while trying to encode UTF-32 character
Regex::search: error while processing " Mötley Crüe - Without You .m4a Mötley Crüe - Without You .m4a 4:29": Invalid UTF-8 sequence encountered while trying to encode UTF-32 character
Regex::search: error while processing " Mötley Crüe - You're All I Need  .m4a Mötley Crüe - You're All I Need  .m4a 4:55": Invalid UTF-8 sequence encountered while trying to encode UTF-32 character
Regex::search: error while processing " Mötley Crüe - You're All I Need  .m4a Mötley Crüe - You're All I Need  .m4a 4:55": Invalid UTF-8 sequence encountered while trying to encode UTF-32 character
Regex::search: error while processing " Mötley Crüe - Without You .m4a Mötley Crüe - Without You .m4a 4:29": Invalid UTF-8 sequence encountered while trying to encode UTF-32 character
Regex::search: error while processing " Mötley Crüe - The Dirt (Est. 1981) (feat. Machine Gun Kelly) .m4a Mötley Crüe - The Dirt (Est. 1981) (feat. Machine Gun Kelly) .m4a 3:52": Invalid UTF-8 sequence encountered while trying to encode UTF-32 character
Regex::search: error while processing " Mötley Crüe - Ten Seconds To Love .m4a Mötley Crüe - Ten Seconds To Love .m4a 4:18": Invalid UTF-8 sequence encountered while trying to encode UTF-32 character
Regex::search: error while processing " Mötley Crüe - Take Me To The Top  .m4a Mötley Crüe - Take Me To The Top  .m4a 3:44": Invalid UTF-8 sequence encountered while trying to encode UTF-32 character
Regex::search: error while processing " Mötley Crüe - On With The Show  .m4a Mötley Crüe - On With The Show  .m4a 4:03": Invalid UTF-8 sequence encountered while trying to encode UTF-32 character
Regex::search: error while processing " Mötley Crüe - Looks That Kill  .m4a Mötley Crüe - Looks That Kill  .m4a 3:51": Invalid UTF-8 sequence encountered while trying to encode UTF-32 character
Regex::search: error while processing " Mötley Crüe - Live Wire  .m4a Mötley Crüe - Live Wire  .m4a 3:18": Invalid UTF-8 sequence encountered while trying to encode UTF-32 character
Regex::search: error while processing " Mötley Crüe - Kickstart My Heart  .m4a Mötley Crüe - Kickstart My Heart  .m4a 5:10": Invalid UTF-8 sequence encountered while trying to encode UTF-32 character
Regex::search: error while processing " Mötley Crüe - Home Sweet Home  .m4a Mötley Crüe - Home Sweet Home  .m4a 4:29": Invalid UTF-8 sequence encountered while trying to encode UTF-32 character
Regex::search: error while processing " Mötley Crüe - Dr. Feelgood  .m4a Mötley Crüe - Dr. Feelgood  .m4a 4:45": Invalid UTF-8 sequence encountered while trying to encode UTF-32 character
Regex::search: error while processing " Mötley Crüe - You're All I Need  .m4a Mötley Crüe - You're All I Need  .m4a 4:55": Invalid UTF-8 sequence encountered while trying to encode UTF-32 character
Regex::search: error while processing " Mötley Crüe - Without You .m4a Mötley Crüe - Without You .m4a 4:29": Invalid UTF-8 sequence encountered while trying to encode UTF-32 character
Regex::search: error while processing " Mötley Crüe - The Dirt (Est. 1981) (feat. Machine Gun Kelly) .m4a Mötley Crüe - The Dirt (Est. 1981) (feat. Machine Gun Kelly) .m4a 3:52": Invalid UTF-8 sequence encountered while trying to encode UTF-32 character
Regex::search: error while processing " Mötley Crüe - Ten Seconds To Love .m4a Mötley Crüe - Ten Seconds To Love .m4a 4:18": Invalid UTF-8 sequence encountered while trying to encode UTF-32 character
Regex::search: error while processing " Mötley Crüe - Take Me To The Top  .m4a Mötley Crüe - Take Me To The Top  .m4a 3:44": Invalid UTF-8 sequence encountered while trying to encode UTF-32 character
Regex::search: error while processing " Mötley Crüe - On With The Show  .m4a Mötley Crüe - On With The Show  .m4a 4:03": Invalid UTF-8 sequence encountered while trying to encode UTF-32 character
Regex::search: error while processing " Mötley Crüe - Looks That Kill  .m4a Mötley Crüe - Looks That Kill  .m4a 3:51": Invalid UTF-8 sequence encountered while trying to encode UTF-32 character
Regex::search: error while processing " Mötley Crüe - Live Wire  .m4a Mötley Crüe - Live Wire  .m4a 3:18": Invalid UTF-8 sequence encountered while trying to encode UTF-32 character
Regex::search: error while processing " Mötley Crüe - Kickstart My Heart  .m4a Mötley Crüe - Kickstart My Heart  .m4a 5:10": Invalid UTF-8 sequence encountered while trying to encode UTF-32 character
Regex::search: error while processing " Mötley Crüe - Home Sweet Home  .m4a Mötley Crüe - Home Sweet Home  .m4a 4:29": Invalid UTF-8 sequence encountered while trying to encode UTF-32 character
Regex::search: error while processing " Mötley Crüe - Dr. Feelgood  .m4a Mötley Crüe - Dr. Feelgood  .m4a 4:45": Invalid UTF-8 sequence encountered while trying to encode UTF-32 character
Regex::search: error while processing " Mötley Crüe - You're All I Need  .m4a Mötley Crüe - You're All I Need  .m4a 4:55": Invalid UTF-8 sequence encountered while trying to encode UTF-32 character
Regex::search: error while processing " Mötley Crüe - Without You .m4a Mötley Crüe - Without You .m4a 4:29": Invalid UTF-8 sequence encountered while trying to encode UTF-32 character
Regex::search: error while processing " Mötley Crüe - The Dirt (Est. 1981) (feat. Machine Gun Kelly) .m4a Mötley Crüe - The Dirt (Est. 1981) (feat. Machine Gun Kelly) .m4a 3:52": Invalid UTF-8 sequence encountered while trying to encode UTF-32 character
Regex::search: error while processing " Mötley Crüe - Ten Seconds To Love .m4a Mötley Crüe - Ten Seconds To Love .m4a 4:18": Invalid UTF-8 sequence encountered while trying to encode UTF-32 character
Regex::search: error while processing " Mötley Crüe - Take Me To The Top  .m4a Mötley Crüe - Take Me To The Top  .m4a 3:44": Invalid UTF-8 sequence encountered while trying to encode UTF-32 character
Regex::search: error while processing " Mötley Crüe - On With The Show  .m4a Mötley Crüe - On With The Show  .m4a 4:03": Invalid UTF-8 sequence encountered while trying to encode UTF-32 character
Regex::search: error while processing " Mötley Crüe - Looks That Kill  .m4a Mötley Crüe - Looks That Kill  .m4a 3:51": Invalid UTF-8 sequence encountered while trying to encode UTF-32 character
Regex::search: error while processing " Mötley Crüe - Live Wire  .m4a Mötley Crüe - Live Wire  .m4a 3:18": Invalid UTF-8 sequence encountered while trying to encode UTF-32 character
Regex::search: error while processing " Mötley Crüe - Kickstart My Heart  .m4a Mötley Crüe - Kickstart My Heart  .m4a 5:10": Invalid UTF-8 sequence encountered while trying to encode UTF-32 character
Regex::search: error while processing " Mötley Crüe - Home Sweet Home  .m4a Mötley Crüe - Home Sweet Home  .m4a 4:29": Invalid UTF-8 sequence encountered while trying to encode UTF-32 character
Regex::search: error while processing " Mötley Crüe - Dr. Feelgood  .m4a Mötley Crüe - Dr. Feelgood  .m4a 4:45": Invalid UTF-8 sequence encountered while trying to encode UTF-32 character
Regex::search: error while processing " Mötley Crüe - You're All I Need  .m4a Mötley Crüe - You're All I Need  .m4a 4:55": Invalid UTF-8 sequence encountered while trying to encode UTF-32 character
Regex::search: error while processing " Mötley Crüe - Without You .m4a Mötley Crüe - Without You .m4a 4:29": Invalid UTF-8 sequence encountered while trying to encode UTF-32 character
Regex::search: error while processing " Mötley Crüe - The Dirt (Est. 1981) (feat. Machine Gun Kelly) .m4a Mötley Crüe - The Dirt (Est. 1981) (feat. Machine Gun Kelly) .m4a 3:52": Invalid UTF-8 sequence encountered while trying to encode UTF-32 character
Regex::search: error while processing " Mötley Crüe - Ten Seconds To Love .m4a Mötley Crüe - Ten Seconds To Love .m4a 4:18": Invalid UTF-8 sequence encountered while trying to encode UTF-32 character
Regex::search: error while processing " Mötley Crüe - Take Me To The Top  .m4a Mötley Crüe - Take Me To The Top  .m4a 3:44": Invalid UTF-8 sequence encountered while trying to encode UTF-32 character
Regex::search: error while processing " Mötley Crüe - On With The Show  .m4a Mötley Crüe - On With The Show  .m4a 4:03": Invalid UTF-8 sequence encountered while trying to encode UTF-32 character
Regex::search: error while processing " Mötley Crüe - Looks That Kill  .m4a Mötley Crüe - Looks That Kill  .m4a 3:51": Invalid UTF-8 sequence encountered while trying to encode UTF-32 character
Regex::search: error while processing " Mötley Crüe - Live Wire  .m4a Mötley Crüe - Live Wire  .m4a 3:18": Invalid UTF-8 sequence encountered while trying to encode UTF-32 character
Regex::search: error while processing " Mötley Crüe - Kickstart My Heart  .m4a Mötley Crüe - Kickstart My Heart  .m4a 5:10": Invalid UTF-8 sequence encountered while trying to encode UTF-32 character
Regex::search: error while processing " Mötley Crüe - Home Sweet Home  .m4a Mötley Crüe - Home Sweet Home  .m4a 4:29": Invalid UTF-8 sequence encountered while trying to encode UTF-32 character
Regex::search: error while processing " Mötley Crüe - Dr. Feelgood  .m4a Mötley Crüe - Dr. Feelgood  .m4a 4:45": Invalid UTF-8 sequence encountered while trying to encode UTF-32 character
Regex::search: error while processing " Mötley Crüe - You're All I Need  .m4a Mötley Crüe - You're All I Need  .m4a 4:55": Invalid UTF-8 sequence encountered while trying to encode UTF-32 character
Regex::search: error while processing " Mötley Crüe - Without You .m4a Mötley Crüe - Without You .m4a 4:29": Invalid UTF-8 sequence encountered while trying to encode UTF-32 character
Regex::search: error while processing " Mötley Crüe - The Dirt (Est. 1981) (feat. Machine Gun Kelly) .m4a Mötley Crüe - The Dirt (Est. 1981) (feat. Machine Gun Kelly) .m4a 3:52": Invalid UTF-8 sequence encountered while trying to encode UTF-32 character
Regex::search: error while processing " Mötley Crüe - Ten Seconds To Love .m4a Mötley Crüe - Ten Seconds To Love .m4a 4:18": Invalid UTF-8 sequence encountered while trying to encode UTF-32 character
Regex::search: error while processing " Mötley Crüe - Take Me To The Top  .m4a Mötley Crüe - Take Me To The Top  .m4a 3:44": Invalid UTF-8 sequence encountered while trying to encode UTF-32 character
Regex::search: error while processing " Mötley Crüe - On With The Show  .m4a Mötley Crüe - On With The Show  .m4a 4:03": Invalid UTF-8 sequence encountered while trying to encode UTF-32 character
Regex::search: error while processing " Mötley Crüe - Looks That Kill  .m4a Mötley Crüe - Looks That Kill  .m4a 3:51": Invalid UTF-8 sequence encountered while trying to encode UTF-32 character
Regex::search: error while processing " Mötley Crüe - Live Wire  .m4a Mötley Crüe - Live Wire  .m4a 3:18": Invalid UTF-8 sequence encountered while trying to encode UTF-32 character
Regex::search: error while processing " Mötley Crüe - Kickstart My Heart  .m4a Mötley Crüe - Kickstart My Heart  .m4a 5:10": Invalid UTF-8 sequence encountered while trying to encode UTF-32 character
Regex::search: error while processing " Mötley Crüe - Home Sweet Home  .m4a Mötley Crüe - Home Sweet Home  .m4a 4:29": Invalid UTF-8 sequence encountered while trying to encode UTF-32 character
Regex::search: error while processing " Mötley Crüe - Dr. Feelgood  .m4a Mötley Crüe - Dr. Feelgood  .m4a 4:45": Invalid UTF-8 sequence encountered while trying to encode UTF-32 character
Regex::search: error while processing " Mötley Crüe - You're All I Need  .m4a Mötley Crüe - You're All I Need  .m4a 4:55": Invalid UTF-8 sequence encountered while trying to encode UTF-32 character
Regex::search: error while processing " Mötley Crüe - Without You .m4a Mötley Crüe - Without You .m4a 4:29": Invalid UTF-8 sequence encountered while trying to encode UTF-32 character
Regex::search: error while processing " Mötley Crüe - The Dirt (Est. 1981) (feat. Machine Gun Kelly) .m4a Mötley Crüe - The Dirt (Est. 1981) (feat. Machine Gun Kelly) .m4a 3:52": Invalid UTF-8 sequence encountered while trying to encode UTF-32 character
Regex::search: error while processing " Mötley Crüe - Ten Seconds To Love .m4a Mötley Crüe - Ten Seconds To Love .m4a 4:18": Invalid UTF-8 sequence encountered while trying to encode UTF-32 character
Regex::search: error while processing " Mötley Crüe - Take Me To The Top  .m4a Mötley Crüe - Take Me To The Top  .m4a 3:44": Invalid UTF-8 sequence encountered while trying to encode UTF-32 character
Regex::search: error while processing " Mötley Crüe - On With The Show  .m4a Mötley Crüe - On With The Show  .m4a 4:03": Invalid UTF-8 sequence encountered while trying to encode UTF-32 character
Regex::search: error while processing " Mötley Crüe - Looks That Kill  .m4a Mötley Crüe - Looks That Kill  .m4a 3:51": Invalid UTF-8 sequence encountered while trying to encode UTF-32 character
Regex::search: error while processing " Mötley Crüe - Live Wire  .m4a Mötley Crüe - Live Wire  .m4a 3:18": Invalid UTF-8 sequence encountered while trying to encode UTF-32 character
Regex::search: error while processing " Mötley Crüe - Kickstart My Heart  .m4a Mötley Crüe - Kickstart My Heart  .m4a 5:10": Invalid UTF-8 sequence encountered while trying to encode UTF-32 character
Regex::search: error while processing " Mötley Crüe - Home Sweet Home  .m4a Mötley Crüe - Home Sweet Home  .m4a 4:29": Invalid UTF-8 sequence encountered while trying to encode UTF-32 character
Regex::search: error while processing " Mötley Crüe - Dr. Feelgood  .m4a Mötley Crüe - Dr. Feelgood  .m4a 4:45": Invalid UTF-8 sequence encountered while trying to encode UTF-32 character
Regex::search: error while processing " Mötley Crüe - You're All I Need  .m4a Mötley Crüe - You're All I Need  .m4a 4:55": Invalid UTF-8 sequence encountered while trying to encode UTF-32 character
Regex::search: error while processing " Mötley Crüe - Without You .m4a Mötley Crüe - Without You .m4a 4:29": Invalid UTF-8 sequence encountered while trying to encode UTF-32 character
Regex::search: error while processing " Mötley Crüe - The Dirt (Est. 1981) (feat. Machine Gun Kelly) .m4a Mötley Crüe - The Dirt (Est. 1981) (feat. Machine Gun Kelly) .m4a 3:52": Invalid UTF-8 sequence encountered while trying to encode UTF-32 character
Regex::search: error while processing " Mötley Crüe - Ten Seconds To Love .m4a Mötley Crüe - Ten Seconds To Love .m4a 4:18": Invalid UTF-8 sequence encountered while trying to encode UTF-32 character
Regex::search: error while processing " Mötley Crüe - Take Me To The Top  .m4a Mötley Crüe - Take Me To The Top  .m4a 3:44": Invalid UTF-8 sequence encountered while trying to encode UTF-32 character
Regex::search: error while processing " Mötley Crüe - On With The Show  .m4a Mötley Crüe - On With The Show  .m4a 4:03": Invalid UTF-8 sequence encountered while trying to encode UTF-32 character
Regex::search: error while processing " Mötley Crüe - Looks That Kill  .m4a Mötley Crüe - Looks That Kill  .m4a 3:51": Invalid UTF-8 sequence encountered while trying to encode UTF-32 character
Regex::search: error while processing " Mötley Crüe - Live Wire  .m4a Mötley Crüe - Live Wire  .m4a 3:18": Invalid UTF-8 sequence encountered while trying to encode UTF-32 character
Regex::search: error while processing " Mötley Crüe - Kickstart My Heart  .m4a Mötley Crüe - Kickstart My Heart  .m4a 5:10": Invalid UTF-8 sequence encountered while trying to encode UTF-32 character
Regex::search: error while processing " Mötley Crüe - Home Sweet Home  .m4a Mötley Crüe - Home Sweet Home  .m4a 4:29": Invalid UTF-8 sequence encountered while trying to encode UTF-32 character
Regex::search: error while processing " Mötley Crüe - Dr. Feelgood  .m4a Mötley Crüe - Dr. Feelgood  .m4a 4:45": Invalid UTF-8 sequence encountered while trying to encode UTF-32 character
Regex::search: error while processing " Mötley Crüe - You're All I Need  .m4a Mötley Crüe - You're All I Need  .m4a 4:55": Invalid UTF-8 sequence encountered while trying to encode UTF-32 character
Regex::search: error while processing " Mötley Crüe - Without You .m4a Mötley Crüe - Without You .m4a 4:29": Invalid UTF-8 sequence encountered while trying to encode UTF-32 character
Regex::search: error while processing " Mötley Crüe - The Dirt (Est. 1981) (feat. Machine Gun Kelly) .m4a Mötley Crüe - The Dirt (Est. 1981) (feat. Machine Gun Kelly) .m4a 3:52": Invalid UTF-8 sequence encountered while trying to encode UTF-32 character
Regex::search: error while processing " Mötley Crüe - Ten Seconds To Love .m4a Mötley Crüe - Ten Seconds To Love .m4a 4:18": Invalid UTF-8 sequence encountered while trying to encode UTF-32 character
Regex::search: error while processing " Mötley Crüe - Take Me To The Top  .m4a Mötley Crüe - Take Me To The Top  .m4a 3:44": Invalid UTF-8 sequence encountered while trying to encode UTF-32 character
Regex::search: error while processing " Mötley Crüe - On With The Show  .m4a Mötley Crüe - On With The Show  .m4a 4:03": Invalid UTF-8 sequence encountered while trying to encode UTF-32 character
Regex::search: error while processing " Mötley Crüe - Looks That Kill  .m4a Mötley Crüe - Looks That Kill  .m4a 3:51": Invalid UTF-8 sequence encountered while trying to encode UTF-32 character
Regex::search: error while processing " Mötley Crüe - Live Wire  .m4a Mötley Crüe - Live Wire  .m4a 3:18": Invalid UTF-8 sequence encountered while trying to encode UTF-32 character
Regex::search: error while processing " Mötley Crüe - Kickstart My Heart  .m4a Mötley Crüe - Kickstart My Heart  .m4a 5:10": Invalid UTF-8 sequence encountered while trying to encode UTF-32 character
Regex::search: error while processing " Mötley Crüe - Home Sweet Home  .m4a Mötley Crüe - Home Sweet Home  .m4a 4:29": Invalid UTF-8 sequence encountered while trying to encode UTF-32 character
Regex::search: error while processing " Mötley Crüe - Dr. Feelgood  .m4a Mötley Crüe - Dr. Feelgood  .m4a 4:45": Invalid UTF-8 sequence encountered while trying to encode UTF-32 character
Regex::search: error while processing " Mötley Crüe - You're All I Need  .m4a Mötley Crüe - You're All I Need  .m4a 4:55": Invalid UTF-8 sequence encountered while trying to encode UTF-32 character
Regex::search: error while processing " Mötley Crüe - Without You .m4a Mötley Crüe - Without You .m4a 4:29": Invalid UTF-8 sequence encountered while trying to encode UTF-32 character
Regex::search: error while processing " Mötley Crüe - The Dirt (Est. 1981) (feat. Machine Gun Kelly) .m4a Mötley Crüe - The Dirt (Est. 1981) (feat. Machine Gun Kelly) .m4a 3:52": Invalid UTF-8 sequence encountered while trying to encode UTF-32 character
Regex::search: error while processing " Mötley Crüe - Ten Seconds To Love .m4a Mötley Crüe - Ten Seconds To Love .m4a 4:18": Invalid UTF-8 sequence encountered while trying to encode UTF-32 character
Regex::search: error while processing " Mötley Crüe - Take Me To The Top  .m4a Mötley Crüe - Take Me To The Top  .m4a 3:44": Invalid UTF-8 sequence encountered while trying to encode UTF-32 character
Regex::search: error while processing " Mötley Crüe - On With The Show  .m4a Mötley Crüe - On With The Show  .m4a 4:03": Invalid UTF-8 sequence encountered while trying to encode UTF-32 character
Regex::search: error while processing " Mötley Crüe - Looks That Kill  .m4a Mötley Crüe - Looks That Kill  .m4a 3:51": Invalid UTF-8 sequence encountered while trying to encode UTF-32 character
Regex::search: error while processing " Mötley Crüe - Live Wire  .m4a Mötley Crüe - Live Wire  .m4a 3:18": Invalid UTF-8 sequence encountered while trying to encode UTF-32 character
Regex::search: error while processing " Mötley Crüe - Kickstart My Heart  .m4a Mötley Crüe - Kickstart My Heart  .m4a 5:10": Invalid UTF-8 sequence encountered while trying to encode UTF-32 character
Regex::search: error while processing " Mötley Crüe - Home Sweet Home  .m4a Mötley Crüe - Home Sweet Home  .m4a 4:29": Invalid UTF-8 sequence encountered while trying to encode UTF-32 character
Regex::search: error while processing " Mötley Crüe - Dr. Feelgood  .m4a Mötley Crüe - Dr. Feelgood  .m4a 4:45": Invalid UTF-8 sequence encountered while trying to encode UTF-32 character
Regex::search: error while processing " Mötley Crüe - You're All I Need  .m4a Mötley Crüe - You're All I Need  .m4a 4:55": Invalid UTF-8 sequence encountered while trying to encode UTF-32 character
Regex::search: error while processing " Mötley Crüe - Without You .m4a Mötley Crüe - Without You .m4a 4:29": Invalid UTF-8 sequence encountered while trying to encode UTF-32 character
Regex::search: error while processing " Mötley Crüe - The Dirt (Est. 1981) (feat. Machine Gun Kelly) .m4a Mötley Crüe - The Dirt (Est. 1981) (feat. Machine Gun Kelly) .m4a 3:52": Invalid UTF-8 sequence encountered while trying to encode UTF-32 character
Regex::search: error while processing " Mötley Crüe - Ten Seconds To Love .m4a Mötley Crüe - Ten Seconds To Love .m4a 4:18": Invalid UTF-8 sequence encountered while trying to encode UTF-32 character
Regex::search: error while processing " Mötley Crüe - Take Me To The Top  .m4a Mötley Crüe - Take Me To The Top  .m4a 3:44": Invalid UTF-8 sequence encountered while trying to encode UTF-32 character
Regex::search: error while processing " Mötley Crüe - On With The Show  .m4a Mötley Crüe - On With The Show  .m4a 4:03": Invalid UTF-8 sequence encountered while trying to encode UTF-32 character
Regex::search: error while processing " Mötley Crüe - Looks That Kill  .m4a Mötley Crüe - Looks That Kill  .m4a 3:51": Invalid UTF-8 sequence encountered while trying to encode UTF-32 character
Regex::search: error while processing " Mötley Crüe - Live Wire  .m4a Mötley Crüe - Live Wire  .m4a 3:18": Invalid UTF-8 sequence encountered while trying to encode UTF-32 character
Regex::search: error while processing " Mötley Crüe - Kickstart My Heart  .m4a Mötley Crüe - Kickstart My Heart  .m4a 5:10": Invalid UTF-8 sequence encountered while trying to encode UTF-32 character
Regex::search: error while processing " Mötley Crüe - Home Sweet Home  .m4a Mötley Crüe - Home Sweet Home  .m4a 4:29": Invalid UTF-8 sequence encountered while trying to encode UTF-32 character
Regex::search: error while processing " Mötley Crüe - Dr. Feelgood  .m4a Mötley Crüe - Dr. Feelgood  .m4a 4:45": Invalid UTF-8 sequence encountered while trying to encode UTF-32 character
Regex::search: error while processing " Mötley Crüe - Dr. Feelgood  .m4a Mötley Crüe - Dr. Feelgood  .m4a 4:45": Invalid UTF-8 sequence encountered while trying to encode UTF-32 character
Regex::search: error while processing " Mötley Crüe - Home Sweet Home  .m4a Mötley Crüe - Home Sweet Home  .m4a 4:29": Invalid UTF-8 sequence encountered while trying to encode UTF-32 character
Regex::search: error while processing " Mötley Crüe - Kickstart My Heart  .m4a Mötley Crüe - Kickstart My Heart  .m4a 5:10": Invalid UTF-8 sequence encountered while trying to encode UTF-32 character
Regex::search: error while processing " Mötley Crüe - Live Wire  .m4a Mötley Crüe - Live Wire  .m4a 3:18": Invalid UTF-8 sequence encountered while trying to encode UTF-32 character
Regex::search: error while processing " Mötley Crüe - Looks That Kill  .m4a Mötley Crüe - Looks That Kill  .m4a 3:51": Invalid UTF-8 sequence encountered while trying to encode UTF-32 character
Regex::search: error while processing " Mötley Crüe - On With The Show  .m4a Mötley Crüe - On With The Show  .m4a 4:03": Invalid UTF-8 sequence encountered while trying to encode UTF-32 character
Regex::search: error while processing " Mötley Crüe - Take Me To The Top  .m4a Mötley Crüe - Take Me To The Top  .m4a 3:44": Invalid UTF-8 sequence encountered while trying to encode UTF-32 character
Regex::search: error while processing " Mötley Crüe - Ten Seconds To Love .m4a Mötley Crüe - Ten Seconds To Love .m4a 4:18": Invalid UTF-8 sequence encountered while trying to encode UTF-32 character
Regex::search: error while processing " Mötley Crüe - The Dirt (Est. 1981) (feat. Machine Gun Kelly) .m4a Mötley Crüe - The Dirt (Est. 1981) (feat. Machine Gun Kelly) .m4a 3:52": Invalid UTF-8 sequence encountered while trying to encode UTF-32 character
Regex::search: error while processing " Mötley Crüe - Without You .m4a Mötley Crüe - Without You .m4a 4:29": Invalid UTF-8 sequence encountered while trying to encode UTF-32 character
Regex::search: error while processing " Mötley Crüe - You're All I Need  .m4a Mötley Crüe - You're All I Need  .m4a 4:55": Invalid UTF-8 sequence encountered while trying to encode UTF-32 character
Regex::search: error while processing " Mötley Crüe - Dr. Feelgood  .m4a Mötley Crüe - Dr. Feelgood  .m4a 4:45": Invalid UTF-8 sequence encountered while trying to encode UTF-32 character
Regex::search: error while processing " Mötley Crüe - Home Sweet Home  .m4a Mötley Crüe - Home Sweet Home  .m4a 4:29": Invalid UTF-8 sequence encountered while trying to encode UTF-32 character
Regex::search: error while processing " Mötley Crüe - Kickstart My Heart  .m4a Mötley Crüe - Kickstart My Heart  .m4a 5:10": Invalid UTF-8 sequence encountered while trying to encode UTF-32 character
Regex::search: error while processing " Mötley Crüe - Live Wire  .m4a Mötley Crüe - Live Wire  .m4a 3:18": Invalid UTF-8 sequence encountered while trying to encode UTF-32 character
Regex::search: error while processing " Mötley Crüe - Looks That Kill  .m4a Mötley Crüe - Looks That Kill  .m4a 3:51": Invalid UTF-8 sequence encountered while trying to encode UTF-32 character
Regex::search: error while processing " Mötley Crüe - On With The Show  .m4a Mötley Crüe - On With The Show  .m4a 4:03": Invalid UTF-8 sequence encountered while trying to encode UTF-32 character
Regex::search: error while processing " Mötley Crüe - Take Me To The Top  .m4a Mötley Crüe - Take Me To The Top  .m4a 3:44": Invalid UTF-8 sequence encountered while trying to encode UTF-32 character
Regex::search: error while processing " Mötley Crüe - Ten Seconds To Love .m4a Mötley Crüe - Ten Seconds To Love .m4a 4:18": Invalid UTF-8 sequence encountered while trying to encode UTF-32 character
Regex::search: error while processing " Mötley Crüe - The Dirt (Est. 1981) (feat. Machine Gun Kelly) .m4a Mötley Crüe - The Dirt (Est. 1981) (feat. Machine Gun Kelly) .m4a 3:52": Invalid UTF-8 sequence encountered while trying to encode UTF-32 character
Regex::search: error while processing " Mötley Crüe - Without You .m4a Mötley Crüe - Without You .m4a 4:29": Invalid UTF-8 sequence encountered while trying to encode UTF-32 character
Regex::search: error while processing " Mötley Crüe - You're All I Need  .m4a Mötley Crüe - You're All I Need  .m4a 4:55": Invalid UTF-8 sequence encountered while trying to encode UTF-32 character
